1523219442976	geckodriver	INFO	geckodriver 0.20.0
1523219443047	geckodriver	INFO	Listening on 127.0.0.1:53137
1523219443998	mozrunner::runner	INFO	Running command: "/Applications/Firefox.app/Contents/MacOS/firefox-bin" "-marionette" "-profile" "/var/folders/vv/ndwywgwj52j1t92_bqd_q7ym0000gn/T/rust_mozprofile.SyZ03M8SzcyT"
1523219444676	Marionette	INFO	Enabled via --marionette
2018-04-08 14:30:45.913 plugin-container[73824:5155594] *** CFMessagePort: bootstrap_register(): failed 1100 (0x44c) 'Permission denied', port = 0xb243, name = 'com.apple.tsm.portname'
See /usr/include/servers/bootstrap_defs.h for the error codes.
1523219446246	Marionette	INFO	Listening on port 53153
1523219446332	Marionette	WARN	TLS certificate errors will be ignored for this session
2018-04-08 14:30:46.786 plugin-container[73826:5155832] *** CFMessagePort: bootstrap_register(): failed 1100 (0x44c) 'Permission denied', port = 0x1513f, name = 'com.apple.tsm.portname'
See /usr/include/servers/bootstrap_defs.h for the error codes.
2018-04-08 14:30:46.925 plugin-container[73824:5155594] *** CFMessagePort: bootstrap_register(): failed 1100 (0x44c) 'Permission denied', port = 0xb21f, name = 'com.apple.coredrag'
See /usr/include/servers/bootstrap_defs.h for the error codes.
2018-04-08 14:30:46.936 plugin-container[73826:5155832] *** CFMessagePort: bootstrap_register(): failed 1100 (0x44c) 'Permission denied', port = 0x151bb, name = 'com.apple.coredrag'
See /usr/include/servers/bootstrap_defs.h for the error codes.
2018-04-08 14:30:58.847 firefox-bin[73823:5155359] IMKInputSession [0x12587ba60 presentFunctionRowItemTextInputViewWithEndpoint:completionHandler:] : [self textInputContext]=0x11d647340 *NO* NSRemoteViewController to client, NSError=Error Domain=NSCocoaErrorDomain Code=4097 "connection from pid 0" UserInfo={NSDebugDescription=connection from pid 0}, com.apple.inputmethod.EmojiFunctionRowItem
2018-04-08 14:30:59.249 firefox-bin[73823:5155359] IMKInputSession [0x12587ba60 presentFunctionRowItemTextInputViewWithEndpoint:completionHandler:] : [self textInputContext]=0x11d647340 *NO* NSRemoteViewController to client, NSError=Error Domain=NSCocoaErrorDomain Code=4097 "connection from pid 0" UserInfo={NSDebugDescription=connection from pid 0}, com.apple.inputmethod.EmojiFunctionRowItem
2018-04-08 14:31:27.296 firefox-bin[73823:5155359] IMKInputSession [0x12587ba60 presentFunctionRowItemTextInputViewWithEndpoint:completionHandler:] : [self textInputContext]=0x11d647340 *NO* NSRemoteViewController to client, NSError=Error Domain=NSCocoaErrorDomain Code=4097 "connection from pid 0" UserInfo={NSDebugDescription=connection from pid 0}, com.apple.inputmethod.EmojiFunctionRowItem
2018-04-08 14:31:41.694 firefox-bin[73823:5155359] IMKInputSession [0x12587ba60 presentFunctionRowItemTextInputViewWithEndpoint:completionHandler:] : [self textInputContext]=0x11d647340 *NO* NSRemoteViewController to client, NSError=Error Domain=NSCocoaErrorDomain Code=4097 "connection from pid 0" UserInfo={NSDebugDescription=connection from pid 0}, com.apple.inputmethod.EmojiFunctionRowItem
*** UTM:SVC TimerManager:registerTimer called after profile-before-change notification. Ignoring timer registration for id: telemetry_modules_ping
1523219507276	geckodriver	INFO	geckodriver 0.20.0
1523219507339	geckodriver	INFO	Listening on 127.0.0.1:53532
1523219508310	mozrunner::runner	INFO	Running command: "/Applications/Firefox.app/Contents/MacOS/firefox-bin" "-marionette" "-profile" "/var/folders/vv/ndwywgwj52j1t92_bqd_q7ym0000gn/T/rust_mozprofile.zIDiriCwbHB0"
1523219508868	Marionette	INFO	Enabled via --marionette
2018-04-08 14:31:50.013 plugin-container[73841:5164795] *** CFMessagePort: bootstrap_register(): failed 1100 (0x44c) 'Permission denied', port = 0x15003, name = 'com.apple.tsm.portname'
See /usr/include/servers/bootstrap_defs.h for the error codes.
2018-04-08 14:31:50.175 plugin-container[73841:5164795] *** CFMessagePort: bootstrap_register(): failed 1100 (0x44c) 'Permission denied', port = 0xaf6b, name = 'com.apple.coredrag'
See /usr/include/servers/bootstrap_defs.h for the error codes.
1523219510368	Marionette	INFO	Listening on port 53548
1523219510428	Marionette	WARN	TLS certificate errors will be ignored for this session
2018-04-08 14:31:50.813 plugin-container[73842:5165000] *** CFMessagePort: bootstrap_register(): failed 1100 (0x44c) 'Permission denied', port = 0x1543f, name = 'com.apple.tsm.portname'
See /usr/include/servers/bootstrap_defs.h for the error codes.
2018-04-08 14:31:50.974 plugin-container[73842:5165000] *** CFMessagePort: bootstrap_register(): failed 1100 (0x44c) 'Permission denied', port = 0x15417, name = 'com.apple.coredrag'
See /usr/include/servers/bootstrap_defs.h for the error codes.
1523219539091	geckodriver	INFO	geckodriver 0.20.0
1523219539155	geckodriver	INFO	Listening on 127.0.0.1:53772
1523219540130	mozrunner::runner	INFO	Running command: "/Applications/Firefox.app/Contents/MacOS/firefox-bin" "-marionette" "-profile" "/var/folders/vv/ndwywgwj52j1t92_bqd_q7ym0000gn/T/rust_mozprofile.3xg64IX9zft0"
1523219540736	Marionette	INFO	Enabled via --marionette
2018-04-08 14:32:21.849 plugin-container[73856:5169640] *** CFMessagePort: bootstrap_register(): failed 1100 (0x44c) 'Permission denied', port = 0xaf3f, name = 'com.apple.tsm.portname'
See /usr/include/servers/bootstrap_defs.h for the error codes.
2018-04-08 14:32:22.019 plugin-container[73856:5169640] *** CFMessagePort: bootstrap_register(): failed 1100 (0x44c) 'Permission denied', port = 0xaf3f, name = 'com.apple.coredrag'
See /usr/include/servers/bootstrap_defs.h for the error codes.
1523219542154	Marionette	INFO	Listening on port 53789
1523219542232	Marionette	WARN	TLS certificate errors will be ignored for this session
2018-04-08 14:32:22.618 plugin-container[73857:5169861] *** CFMessagePort: bootstrap_register(): failed 1100 (0x44c) 'Permission denied', port = 0x1543f, name = 'com.apple.tsm.portname'
See /usr/include/servers/bootstrap_defs.h for the error codes.
2018-04-08 14:32:22.790 plugin-container[73857:5169861] *** CFMessagePort: bootstrap_register(): failed 1100 (0x44c) 'Permission denied', port = 0x1545b, name = 'com.apple.coredrag'
See /usr/include/servers/bootstrap_defs.h for the error codes.
2018-04-08 14:33:29.879 firefox-bin[73855:5169430] IMKInputSession [0x1155fba60 presentFunctionRowItemTextInputViewWithEndpoint:completionHandler:] : [self textInputContext]=0x11deb27c0 *NO* NSRemoteViewController to client, NSError=Error Domain=NSCocoaErrorDomain Code=4097 "connection from pid 0" UserInfo={NSDebugDescription=connection from pid 0}, com.apple.inputmethod.EmojiFunctionRowItem
2018-04-08 14:33:36.487 firefox-bin[73855:5169430] IMKInputSession [0x1155fba60 presentFunctionRowItemTextInputViewWithEndpoint:completionHandler:] : [self textInputContext]=0x11deb27c0 *NO* NSRemoteViewController to client, NSError=Error Domain=NSCocoaErrorDomain Code=4097 "connection from pid 0" UserInfo={NSDebugDescription=connection from pid 0}, com.apple.inputmethod.EmojiFunctionRowItem
2018-04-08 14:33:36.495 firefox-bin[73855:5169430] IMKInputSession [0x1155fba60 presentFunctionRowItemTextInputViewWithEndpoint:completionHandler:] : [self textInputContext]=0x11deb27c0 *NO* NSRemoteViewController to client, NSError=Error Domain=NSCocoaErrorDomain Code=4097 "connection from pid 0" UserInfo={NSDebugDescription=connection from pid 0}, com.apple.inputmethod.EmojiFunctionRowItem
2018-04-08 14:33:44.869 firefox-bin[73855:5169430] IMKInputSession [0x1155fba60 presentFunctionRowItemTextInputViewWithEndpoint:completionHandler:] : [self textInputContext]=0x11deb27c0 *NO* NSRemoteViewController to client, NSError=Error Domain=NSCocoaErrorDomain Code=4097 "connection from pid 0" UserInfo={NSDebugDescription=connection from pid 0}, com.apple.inputmethod.EmojiFunctionRowItem
2018-04-08 14:33:44.877 firefox-bin[73855:5169430] IMKInputSession [0x1155fba60 presentFunctionRowItemTextInputViewWithEndpoint:completionHandler:] : [self textInputContext]=0x11deb27c0 *NO* NSRemoteViewController to client, NSError=Error Domain=NSCocoaErrorDomain Code=4097 "connection from pid 0" UserInfo={NSDebugDescription=connection from pid 0}, com.apple.inputmethod.EmojiFunctionRowItem
2018-04-08 14:33:57.192 firefox-bin[73855:5169430] IMKInputSession [0x1155fba60 presentFunctionRowItemTextInputViewWithEndpoint:completionHandler:] : [self textInputContext]=0x11deb27c0 *NO* NSRemoteViewController to client, NSError=Error Domain=NSCocoaErrorDomain Code=4097 "connection from pid 0" UserInfo={NSDebugDescription=connection from pid 0}, com.apple.inputmethod.EmojiFunctionRowItem
2018-04-08 14:33:57.200 firefox-bin[73855:5169430] IMKInputSession [0x1155fba60 presentFunctionRowItemTextInputViewWithEndpoint:completionHandler:] : [self textInputContext]=0x11deb27c0 *NO* NSRemoteViewController to client, NSError=Error Domain=NSCocoaErrorDomain Code=4097 "connection from pid 0" UserInfo={NSDebugDescription=connection from pid 0}, com.apple.inputmethod.EmojiFunctionRowItem
2018-04-08 14:34:41.874 firefox-bin[73855:5169430] IMKInputSession [0x1155fba60 presentFunctionRowItemTextInputViewWithEndpoint:completionHandler:] : [self textInputContext]=0x11deb27c0 *NO* NSRemoteViewController to client, NSError=Error Domain=NSCocoaErrorDomain Code=4097 "connection from pid 0" UserInfo={NSDebugDescription=connection from pid 0}, com.apple.inputmethod.EmojiFunctionRowItem
2018-04-08 14:34:41.883 firefox-bin[73855:5169430] IMKInputSession [0x1155fba60 presentFunctionRowItemTextInputViewWithEndpoint:completionHandler:] : [self textInputContext]=0x11deb27c0 *NO* NSRemoteViewController to client, NSError=Error Domain=NSCocoaErrorDomain Code=4097 "connection from pid 0" UserInfo={NSDebugDescription=connection from pid 0}, com.apple.inputmethod.EmojiFunctionRowItem
2018-04-08 14:34:43.971 firefox-bin[73855:5169430] IMKInputSession [0x1155fba60 presentFunctionRowItemTextInputViewWithEndpoint:completionHandler:] : [self textInputContext]=0x11deb27c0 *NO* NSRemoteViewController to client, NSError=Error Domain=NSCocoaErrorDomain Code=4097 "connection from pid 0" UserInfo={NSDebugDescription=connection from pid 0}, com.apple.inputmethod.EmojiFunctionRowItem
2018-04-08 14:34:43.979 firefox-bin[73855:5169430] IMKInputSession [0x1155fba60 presentFunctionRowItemTextInputViewWithEndpoint:completionHandler:] : [self textInputContext]=0x11deb27c0 *NO* NSRemoteViewController to client, NSError=Error Domain=NSCocoaErrorDomain Code=4097 "connection from pid 0" UserInfo={NSDebugDescription=connection from pid 0}, com.apple.inputmethod.EmojiFunctionRowItem
2018-04-08 14:34:47.870 firefox-bin[73855:5169430] IMKInputSession [0x1155fba60 presentFunctionRowItemTextInputViewWithEndpoint:completionHandler:] : [self textInputContext]=0x11deb27c0 *NO* NSRemoteViewController to client, NSError=Error Domain=NSCocoaErrorDomain Code=4097 "connection from pid 0" UserInfo={NSDebugDescription=connection from pid 0}, com.apple.inputmethod.EmojiFunctionRowItem
1523219692036	geckodriver	INFO	geckodriver 0.20.0
1523219692099	geckodriver	INFO	Listening on 127.0.0.1:54535
1523219693065	mozrunner::runner	INFO	Running command: "/Applications/Firefox.app/Contents/MacOS/firefox-bin" "-marionette" "-profile" "/var/folders/vv/ndwywgwj52j1t92_bqd_q7ym0000gn/T/rust_mozprofile.9g9IpWPeCDjL"
1523219693594	Marionette	INFO	Enabled via --marionette
2018-04-08 14:34:54.795 plugin-container[73878:5191087] *** CFMessagePort: bootstrap_register(): failed 1100 (0x44c) 'Permission denied', port = 0xb03f, name = 'com.apple.tsm.portname'
See /usr/include/servers/bootstrap_defs.h for the error codes.
2018-04-08 14:34:55.015 plugin-container[73878:5191087] *** CFMessagePort: bootstrap_register(): failed 1100 (0x44c) 'Permission denied', port = 0xb03f, name = 'com.apple.coredrag'
See /usr/include/servers/bootstrap_defs.h for the error codes.
1523219695152	Marionette	INFO	Listening on port 54550
1523219695178	Marionette	WARN	TLS certificate errors will be ignored for this session
2018-04-08 14:34:55.695 plugin-container[73879:5191317] *** CFMessagePort: bootstrap_register(): failed 1100 (0x44c) 'Permission denied', port = 0xac3f, name = 'com.apple.tsm.portname'
See /usr/include/servers/bootstrap_defs.h for the error codes.
2018-04-08 14:34:55.905 plugin-container[73879:5191317] *** CFMessagePort: bootstrap_register(): failed 1100 (0x44c) 'Permission denied', port = 0xac3f, name = 'com.apple.coredrag'
See /usr/include/servers/bootstrap_defs.h for the error codes.
2018-04-08 18:28:38.845 firefox-bin[73877:5190885] IMKInputSession [0x122b37670 presentFunctionRowItemTextInputViewWithEndpoint:completionHandler:] : [self textInputContext]=0x124b9afa0 *NO* NSRemoteViewController to client, NSError=Error Domain=NSCocoaErrorDomain Code=4097 "connection from pid 0" UserInfo={NSDebugDescription=connection from pid 0}, com.apple.inputmethod.EmojiFunctionRowItem
2018-04-08 18:28:43.807 firefox-bin[73877:5190885] IMKInputSession [0x122b37670 presentFunctionRowItemTextInputViewWithEndpoint:completionHandler:] : [self textInputContext]=0x124b9afa0 *NO* NSRemoteViewController to client, NSError=Error Domain=NSCocoaErrorDomain Code=4097 "connection from pid 0" UserInfo={NSDebugDescription=connection from pid 0}, com.apple.inputmethod.EmojiFunctionRowItem
