./mac-git-install.sh.log 1522869176

   sw_vers ::
ProductName:	Mac OS X
ProductVersion:	10.13.3
BuildVersion:	17D102

   uname -a ::
Darwin Wilsons-MacBook-Pro.local 17.4.0 Darwin Kernel Version 17.4.0: Sun Dec 17 09:19:54 PST 2017; root:xnu-4570.41.2~1/RELEASE_X86_64 x86_64

   secrets.sh ::
GIT_NAME=Wilson Mar
GIT_ID=WilsonMar@gmail.com
GIT_EMAIL=WilsonMar+GitHub@gmail.com
GIT_USERNAME=hotwilson
GITS_PATH=gits
GITHUB_ACCOUNT=hotwilson
GITHUB_REPO=sample
WORK_REPO=
CLOUD=azure, terraform
GIT_BROWSER=firefox, safari
GIT_CLIENT=git
GIT_EDITOR=vim
GUI_TEST=selenium

ruby 2.3.3p222 (2016-11-21 revision 56859) [universal.x86_64-darwin17]

Homebrew 1.5.14
Homebrew/homebrew-core (git revision 6a32; last commit 2018-04-04)

git version 2.16.3

   tig --version:
tig version 2.3.3

   git-lfs version:
git-lfs/2.4.0 (GitHub; darwin amd64; go 1.10)

    _    ____   _    ____ _   _ _____       _ __  __ _____ _____ _____ ____     
   / \  |  _ \ / \  / ___| | | | ____|     | |  \/  | ____|_   _| ____|  _ \   
  / _ \ | |_) / _ \| |   | |_| |  _|    _  | | |\/| |  _|   | | |  _| | |_) | 
 / ___ \|  __/ ___ \ |___|  _  | |___  | |_| | |  | | |___  | | | |___|  _ <  
/_/   \_\_| /_/   \_\____|_| |_|_____|  \___/|_|  |_|_____| |_| |_____|_| \_\ 3.3 r1808647  

Copyright (c) 1999-2017 The Apache Software Foundation



Terraform v0.11.5

Python 3.6.5

pip 9.0.3 from /usr/local/lib/python3.6/site-packages (python 3.6)

azure-cli (2.0.30)

   brew info --all ::
105 kegs, 166,983 files, 6.8GB

   ls ~/Library/Caches/Homebrew ::
Cask
ansible-2.5.0.high_sierra.bottle.tar.gz
ant-1.10.3.high_sierra.bottle.tar.gz
async-emacs-1.9.2.tar
awscli-1.14.60.high_sierra.bottle.tar.gz
azure-cli-2.0.30.high_sierra.bottle.tar.gz
bash-4.4.19.high_sierra.bottle.tar.gz
bash-completion-1.3_3.high_sierra.bottle.tar.gz
bash-git-prompt-2.7.1.tar.gz
cabal-install-2.2.0.0.high_sierra.bottle.tar.gz
carthage-0.29.0.high_sierra.bottle.tar.gz
cf-cli-6.35.2.2&source=homebrew
chromedriver-2.36.zip
cl-lib-0.6.1.el
coreutils-8.29.high_sierra.bottle.tar.gz
dash-emacs-2.13.0.tar.gz
diff-so-fancy-1.2.0.tar.gz
docker-18.03.0.high_sierra.bottle.tar.gz
docker-compose-1.20.1.high_sierra.bottle.tar.gz
docker-machine-0.14.0.high_sierra.bottle.tar.gz
erlang-20.3.2.high_sierra.bottle.tar.gz
freetype-2.9.high_sierra.bottle.tar.gz
gawk-4.2.1.high_sierra.bottle.tar.gz
gcviewer-1.35.jar
gdbm-1.14.1_1.high_sierra.bottle.tar.gz
geckodriver-0.20.0.high_sierra.bottle.tar.gz
ghc-8.4.1.high_sierra.bottle.tar.gz
git-2.16.3.high_sierra.bottle.tar.gz
git-cola-3.0_2.high_sierra.bottle.tar.gz
git-flow-0.4.1.high_sierra.bottle.tar.gz
git-lfs-2.4.0.high_sierra.bottle.tar.gz
git-secret-0.2.3.high_sierra.bottle.tar.gz
gitup-0.4.1.high_sierra.bottle.tar.gz
gmp-6.1.2_2.high_sierra.bottle.tar.gz
gnu-tar-1.30.tar.gz
gnupg-2.2.5.high_sierra.bottle.tar.gz
gnutls-3.5.18.high_sierra.bottle.tar.gz
go-1.10.1.high_sierra.bottle.tar.gz
gradle-4.6.zip
grip-4.5.2.high_sierra.bottle.tar.gz
htop-2.1.0_1.high_sierra.bottle.tar.gz
http-server-0.11.1.high_sierra.bottle.tar.gz
hub-2.2.9.high_sierra.bottle.tar.gz
icu4c-61.1.high_sierra.bottle.tar.gz
java_cache
jenkins-2.113.war
jpeg-9c.high_sierra.bottle.tar.gz
kubernetes-cli-1.10.0.high_sierra.bottle.tar.gz
leptonica-1.75.3.high_sierra.bottle.tar.gz
libassuan-2.5.1.high_sierra.bottle.tar.gz
libgcrypt-1.8.2.high_sierra.bottle.tar.gz
libidn2-2.0.4.high_sierra.bottle.tar.gz
libpng-1.6.34.high_sierra.bottle.tar.gz
libtasn1-4.13.high_sierra.bottle.tar.gz
libtiff-4.0.9_2.high_sierra.bottle.tar.gz
libunistring-0.9.9.high_sierra.bottle.tar.gz
libusb-1.0.22.high_sierra.bottle.tar.gz
links-2.14_1.high_sierra.bottle.tar.gz
magit--with-editor-2.6.0.tar.gz
magit-2.11.0.tar.gz
mas-1.4.1.high_sierra.bottle.tar.gz
mongodb-3.6.3.high_sierra.bottle.tar.gz
mpfr-4.0.1.high_sierra.bottle.tar.gz
neo4j-3.3.4.tar.gz
nettle-3.4.high_sierra.bottle.tar.gz
node-9.10.1.high_sierra.bottle.tar.gz
nvm-0.33.8.tar.gz
openssl-1.0.2o_1.high_sierra.bottle.tar.gz
openssl@1.1-1.1.0h.high_sierra.bottle.tar.gz
p11-kit-0.23.10.high_sierra.bottle.tar.gz
packer-1.2.2.high_sierra.bottle.tar.gz
pandoc-2.1.3.high_sierra.bottle.tar.gz
pcre-8.42.high_sierra.bottle.tar.gz
pinentry-1.1.0_1.high_sierra.bottle.tar.gz
pyqt-5.10.1.high_sierra.bottle.tar.gz
python-3.6.5.high_sierra.bottle.tar.gz
python@2-2.7.14_3.high_sierra.bottle.1.tar.gz
qt-5.10.1.high_sierra.bottle.tar.gz
rabbitmq-3.7.4.tar.xz
ruby-2.5.1.high_sierra.bottle.tar.gz
scons-3.0.1.high_sierra.bottle.tar.gz
selenium-server-standalone-3.11.0.jar
shellcheck-0.4.7.high_sierra.bottle.tar.gz
sip-4.19.8_2.high_sierra.bottle.tar.gz
sqlite-3.22.0.high_sierra.bottle.tar.gz
swagger-codegen-2.3.1.high_sierra.bottle.tar.gz
terraform-0.11.5.high_sierra.bottle.tar.gz
tig-2.3.3.high_sierra.bottle.tar.gz
wget-1.19.4_1.high_sierra.bottle.tar.gz
wxmac-3.0.4.high_sierra.bottle.tar.gz

   /Users/wilsonmar/.gitconfig ::
[user]
	name = Wilson Mar
	email = WilsonMar+GitHub@gmail.com
	id = WilsonMar@gmail.com
	username = hotwilson
	signingkey = E62CF51CE3E5A4E8
[github]
	user = hotwilson
	token = token
[commit]
	gpgsign = false
[web]
	browser = firefox
[color]
	ui = true
	status = auto
	branch = auto
	interactive = auto
	diff = auto
	pager = true
[color "status"]
	added = green   normal bold
	changed = blue    normal bold
	header = white   normal dim
	untracked = cyan    normal bold
[color "branch"]
	current = yellow  reverse
	local = yellow  normal bold
	remote = cyan    normal dim
[color "diff"]
	meta = yellow
	frag = magenta bold
	old = red bold
	new = green bold
	whitespace = red reverse
	commit = yellow bold
[rerere]
	enabled = 1
	autoupdate = 1
[core]
	editor = code
	excludesfile = ~/.gitignore
	hitespace = space-before-tab,indent-with-non-tab,trailing-space
	pager = diff-so-fancy | less --tabs=4 -RFX
[merge]
	tool = p4mergetool
[mergetool "p4mergetool"]
	cmd = /Applications/p4merge.app/Contents/Resources/launchp4merge $PWD/$BASE $PWD/$REMOTE $PWD/$LOCAL $PWD/$MERGED
	trustExitCode = false
[mergetool]
	keepBackup = true
[diff]
	tool = p4mergetool
[difftool]
	prompt = false
[difftool "p4mergetool"]
	cmd = /Applications/p4merge.app/Contents/Resources/launchp4merge $LOCAL $REMOTE
[filter "lfs"]
	required = true
	clean = git-lfs clean -- %f
	smudge = git-lfs smudge -- %f
	process = git-lfs filter-process
[color "diff-highlight"]
	oldNormal = red bold
	oldHighlight = red bold 52
	newNormal = green bold
	newHighlight = green bold 22
[diff-so-fancy]
	markEmptyLines = false
	changeHunkIndicators = false
	stripLeadingSymbols = false
	useUnicodeRuler = false

   git config --list ::
credential.helper=osxkeychain
user.name=Wilson Mar
user.email=WilsonMar+GitHub@gmail.com
user.id=WilsonMar@gmail.com
user.username=hotwilson
user.signingkey=E62CF51CE3E5A4E8
github.user=hotwilson
github.token=token
commit.gpgsign=false
web.browser=firefox
color.ui=true
color.status=auto
color.branch=auto
color.interactive=auto
color.diff=auto
color.pager=true
color.status.added=green   normal bold
color.status.changed=blue    normal bold
color.status.header=white   normal dim
color.status.untracked=cyan    normal bold
color.branch.current=yellow  reverse
color.branch.local=yellow  normal bold
color.branch.remote=cyan    normal dim
color.diff.meta=yellow
color.diff.frag=magenta bold
color.diff.old=red bold
color.diff.new=green bold
color.diff.whitespace=red reverse
color.diff.commit=yellow bold
rerere.enabled=1
rerere.autoupdate=1
core.editor=code
core.excludesfile=~/.gitignore
core.hitespace=space-before-tab,indent-with-non-tab,trailing-space
core.pager=diff-so-fancy | less --tabs=4 -RFX
merge.tool=p4mergetool
mergetool.p4mergetool.cmd=/Applications/p4merge.app/Contents/Resources/launchp4merge $PWD/$BASE $PWD/$REMOTE $PWD/$LOCAL $PWD/$MERGED
mergetool.p4mergetool.trustexitcode=false
mergetool.keepbackup=true
diff.tool=p4mergetool
difftool.prompt=false
difftool.p4mergetool.cmd=/Applications/p4merge.app/Contents/Resources/launchp4merge $LOCAL $REMOTE
filter.lfs.required=true
filter.lfs.clean=git-lfs clean -- %f
filter.lfs.smudge=git-lfs smudge -- %f
filter.lfs.process=git-lfs filter-process
color.diff-highlight.oldnormal=red bold
color.diff-highlight.oldhighlight=red bold 52
color.diff-highlight.newnormal=green bold
color.diff-highlight.newhighlight=green bold 22
diff-so-fancy.markemptylines=false
diff-so-fancy.changehunkindicators=false
diff-so-fancy.stripleadingsymbols=false
diff-so-fancy.useunicoderuler=false
core.repositoryformatversion=0
core.filemode=true
core.bare=false
core.logallrefupdates=true
core.ignorecase=true
core.precomposeunicode=true
remote.origin.url=https://github.com/wilsonmar/git-utilities.git
remote.origin.fetch=+refs/heads/*:refs/remotes/origin/*
branch.master.remote=origin
branch.master.merge=refs/heads/master
remote.upstream.url=https://github.com/wilsonmar/git-utilities.git
remote.upstream.fetch=+refs/heads/*:refs/remotes/upstream/*
lfs.https://github.com/wilsonmar/git-utilities.git/info/lfs.access=basic
lfs.fetchrecentrefsdays=10
lfs.transfer.maxretries=10

   /Users/wilsonmar/.bash_profile ::
PATH=/usr/local/bin:/usr/bin:/bin:/sbin:/usr/local/share/dotnet
# Note colons separate items in $PATH.
# /usr/local/bin before usr/bin so Homebrew stuff is found first
# alias fix_brew='sudo chown -R $USER /usr/local/'export PATH="/usr/local/bin:$PATH"
# For homebrew:
# $(brew --prefix)/sbin

# For use in brew cask install xxx
export HOMEBREW_CASK_OPTS="--appdir=~/Applications"
#export HOMEBREW_CASK_OPTS="--appdir=~/Applications --caskroom=~/Caskroom"

parse_git_branch() {
     git branch 2> /dev/null | sed -e '/^[^*]/d' -e 's/* \(.*\)/ (\1)/'
}
export PS1="\w\[[33m\]\$(parse_git_branch)\[[00m\] $ "
#export PS1="\u@\h \[[32m\]\w\[[33m\]\$(parse_git_branch)\[[00m\] $ "
#PS1='\u \W$(__git_ps1)\$ '

alias wm='cd ~/gits/wilsonmar/wilsonmar.github.io/_posts;git status -s -b'
alias wf='cd ~/gits/wilsonmar/futures;git status -s -b'
alias aih='iothub-explorer'

alias bs='bundle exec jekyll serve --config _config.yml,_config_dev.yml'

alias myip="ifconfig en0 | grep inet | grep -v inet6 | cut -d ' ' -f2"
alias last20='stat -f "%m%t%Sm %N" /tmp/* | sort -rn | head -20 | cut -f2-'

export GPG_TTY=$(tty)

# Load the shell dotfiles, and then some:
# * ~/.path can be used to extend `$PATH`.
# * ~/.extra can be used for other settings you don’t want to commit.
for file in ~/.{path,bash_prompt,exports,aliases,functions,extra}; do
	[ -r "$file" ] && [ -f "$file" ] && source "$file";
done;
unset file;

# Case-insensitive globbing (used in pathname expansion)
shopt -s nocaseglob;

# Append to the Bash history file, rather than overwriting it
shopt -s histappend;

# Autocorrect typos in path names when using `cd`
shopt -s cdspell;

# Enable some Bash 4 features when possible:
# * `autocd`, e.g. `**/qux` will enter `./foo/bar/baz/qux`
# * Recursive globbing, e.g. `echo **/*.txt`
for option in autocd globstar; do
	shopt -s "$option" 2> /dev/null;
done;

# Copied from https://github.com/wilsonmar/git-utilities:
export PATH="$HOME/gits:$PATH"
export PATH="$HOME/gits/wilsonmar/git-utilities/git-custom-commands:$PATH"
export WM="$HOME/gits/wilsonmar/wilsonmar.github.io"
# Add tab completion for many Bash commands
if which brew &> /dev/null && [ -f "$(brew --prefix)/share/bash-completion/bash_completion" ]; then
	source "$(brew --prefix)/share/bash-completion/bash_completion";
elif [ -f /etc/bash_completion ]; then
	source /etc/bash_completion;
fi;
# Enable tab completion for `g` by marking it as an alias for `git`
if type _git &> /dev/null && [ -f /usr/local/etc/bash_completion.d/git-completion.bash ]; then
	complete -o default -o nospace -F _git g;
fi;


# https://gist.github.com/sindresorhus/98add7be608fad6b5376a895e5a59972

# Add tab completion for SSH hostnames based on ~/.ssh/config, ignoring wildcards
[ -e "$HOME/.ssh/config" ] && complete -o "default" -o "nospace" -W "$(grep "^Host" ~/.ssh/config | grep -v "[?*]" | cut -d " " -f2- | tr ' ' '
')" scp sftp ssh;

# Add tab completion for `defaults read|write NSGlobalDomain`
# You could just use `-g` instead, but I like being explicit
complete -W "NSGlobalDomain" defaults;

# Add `killall` tab completion for common apps
complete -o "nospace" -W "Contacts Calendar Dock Finder Mail Safari iTunes SystemUIServer Terminal Twitter" killall;

# For Ruby:
#export PATH="$PATH:$HOME/.rvm/gems/ruby-2.3.1/bin"
export LC_ALL=en_US.utf-8
#export PATH="$HOME/.rbenv/bin:$PATH"
#eval "$(rbenv init -)"

# Go installs packages in the first in this path of go source, separated by colons. See https://wilsonmar.github.io/golang
export GOPATH="$HOME/gopkgs"
export GOHOME="$HOME/gits/wilsonmar/golang-samples"
#export GOROOT=/usr/local/Cellar/go/1.8.1  # Homebrew https://dave.cheney.net/2013/06/14/you-dont-need-to-set-goroot-really
#export PATH=$PATH:$GOROOT/bin

# Since which maven doesn't work:
export M2_HOME=/usr/local/Cellar/maven/3.5.0/libexec
export M2=$M2_HOME/bin
export PATH=$PATH:$M2_HOME/bin

complete -C aws_completer aws
export AWS_DEFAULT_REGION=us-west-2
export EC2_URL=https://us-west-2.console.aws.amazon.com/ec2/v2/home?region=us-west-2#Instances:sort=instanceId

export PATH="$PATH:$HOME/onpath/sonar-scanner/bin"
export PATH="$PATH:$HOME/.google-cloud-sdk/bin"
# source '/Users/mac/lib/azure-cli/az.completion'

# Following https://wilsonmar/github.io/jmeter-install ::
export PATH="/usr/local/Cellar/jmeter/3.3/libexec/bin:$PATH"
export JMETER_HOME=/usr/local/Cellar/jmeter/3.3/libexec  # if installed using Homebrew

export ANDROID_SDK_ROOT="/usr/local/share/android-sdk"      
export ANT_HOME=/usr/local/opt/ant
export PATH=$ANT_HOME/bin:$PATH

export MAVEN_HOME=/usr/local/opt/maven
export PATH=$MAVEN_HOME/bin:$PATH

export GRADLE_HOME=/usr/local/opt/gradle
export PATH=$GRADLE_HOME/bin:$PATH

export ANDROID_HOME=/usr/local/opt/android-sdk
export ANDROID_NDK_HOME=/usr/local/opt/android-ndk
export PATH=$PATH:$ANDROID_HOME/tools
export PATH=$PATH:$ANDROID_HOME/platform-tools
export PATH=$PATH:$ANDROID_HOME/build-tools/19.1.0
if [ -f /Users/wilsonmar/.git-completion.bash ]; then
   . /Users/wilsonmar/.git-completion.bash
fi

# mac-bash-profile.txt in https://github.com/wilsonmar/git-utilities
# For paste into ~/.bash_profile 

alias sbp='source ~/.bash_profile'
alias rs='exec -l $SHELL'

alias dir='ls -alr'
alias ll='ls -FalhG'

alias gs='git status -s -b'
alias grm='git rm $(git ls-files --deleted)'
alias gb='git branch -avv'
function gd() { # get dirty
	[[ $(git status 2> /dev/null | tail -n1) != *"working directory clean"* ]] && echo "*"
}
function parse_git_branch() {
	git branch --no-color 2> /dev/null | sed -e '/^[^*]/d' -e "s/* \(.*\)/\1$(gd)/"
}
alias get='git pull'
alias gf='git fetch;git diff master..origin/master'
alias gmo='git merge origin/master'
alias ga='git add .'
alias gc='git commit -m' # requires you to type a commit message
alias gl='clear;git status;git log --pretty=format:"%h %s %ad" --graph --since=1.days --date=relative;git log --show-signature -n 1'
alias gbs='git status;git add . -A;git commit -m"Update";git push'
function gas() { git status ;  git add . -A ; git commit -m "$1" ; git push; }
alias gp='git push'

# For more Mac aliases, see https://gist.github.com/natelandau/10654137
   # described at https://natelandau.com/my-mac-osx-bash_profile/
# https://github.com/clvv/fasd

alias p4merge='/Applications/p4merge.app/Contents/MacOS/p4merge'
export EDITOR="/usr/local/bin/mate -w" 
alias sts='open -a "/Applications/STS.app"'
alias eclipse='open "/Applications/Eclipse.app"'
alias subl='open -a "/Applications/Sublime Text.app"'
alias textedit='open -a "/Applications/TextEdit.app"'
export PATH="$PATH:/usr/local/bin/chromedriver"
alias macvim='open -a "/Applications/MacVim.app"'
alias tf="terraform $1"
alias tfa="terraform apply"
alias tfd="terraform destroy"
alias tfs="terraform show"
export CLICOLOR=1

   21 MB of disk space consumed during this script run.
